<?xml version="1.0" encoding="UTF-8"?>
<testng-results ignored="0" total="1" passed="1" failed="0" skipped="0">
  <reporter-output>
  </reporter-output>
  <suite started-at="2021-02-09T23:23:57 BDT" name="Default suite" finished-at="2021-02-09T23:24:08 BDT" duration-ms="11173">
    <groups>
    </groups>
    <test started-at="2021-02-09T23:23:57 BDT" name="Default test" finished-at="2021-02-09T23:24:08 BDT" duration-ms="11173">
      <class name="com.w2a.testCases.SwapnoTest">
        <test-method is-config="true" signature="setUp()[pri:0, instance:com.w2a.testCases.SwapnoTest@6fa51cd4]" started-at="2021-02-09T23:23:57 BDT" name="setUp" finished-at="2021-02-09T23:24:04 BDT" duration-ms="6838" status="PASS">
          <reporter-output>
          </reporter-output>
        </test-method> <!-- setUp -->
        <test-method signature="operation()[pri:0, instance:com.w2a.testCases.SwapnoTest@6fa51cd4]" started-at="2021-02-09T23:24:04 BDT" name="operation" finished-at="2021-02-09T23:24:07 BDT" duration-ms="3079" status="PASS">
          <reporter-output>
          </reporter-output>
        </test-method> <!-- operation -->
        <test-method is-config="true" signature="tearDown()[pri:0, instance:com.w2a.testCases.SwapnoTest@6fa51cd4]" started-at="2021-02-09T23:24:07 BDT" name="tearDown" finished-at="2021-02-09T23:24:08 BDT" duration-ms="1232" status="PASS">
          <reporter-output>
          </reporter-output>
        </test-method> <!-- tearDown -->
      </class> <!-- com.w2a.testCases.SwapnoTest -->
    </test> <!-- Default test -->
  </suite> <!-- Default suite -->
</testng-results>
